<?xml version="1.0" encoding="UTF-8"?>
<!-- Generated by org.testng.reporters.JUnitReportReporter -->
<testsuite hostname="DESKTOP-IP2C3ML" failures="0" tests="3" name="practice.NewTest_02_priority_enabled" time="0.050" errors="0" timestamp="2025-10-25T20:09:34 IST" skipped="0">
  <testcase classname="practice.NewTest_02_priority_enabled" name="productCreation" time="0.042">
    <system-out>
      <![CDATA[productCreation]]>
    </system-out>
  </testcase> <!-- productCreation -->
  <testcase classname="practice.NewTest_02_priority_enabled" name="updateProduct" time="0.005">
    <system-out>
      <![CDATA[updateProduct]]>
    </system-out>
  </testcase> <!-- updateProduct -->
  <testcase classname="practice.NewTest_02_priority_enabled" name="productDeletion" time="0.003"/>
  <system-out>
    <![CDATA[productCreation
updateProduct]]>
  </system-out>
</testsuite> <!-- practice.NewTest_02_priority_enabled -->
